TN:
SF:scr\controller\restaurant.controller.ts
FN:16,validateAdminPayload
FN:25,getRestaurants
FN:33,getRestaurantsByCuisine
FN:36,(anonymous_3)
FN:46,getRestaurantById
FN:58,createRestaurant
FN:71,updateRestaurant
FN:90,deleteRestaurant
FNF:8
FNH:8
FNDA:2,validateAdminPayload
FNDA:1,getRestaurants
FNDA:1,getRestaurantsByCuisine
FNDA:4,(anonymous_3)
FNDA:2,getRestaurantById
FNDA:1,createRestaurant
FNDA:1,updateRestaurant
FNDA:1,deleteRestaurant
DA:7,8
DA:8,8
DA:9,8
DA:10,8
DA:12,8
DA:17,2
DA:18,0
DA:20,2
DA:21,0
DA:26,1
DA:27,1
DA:34,1
DA:35,1
DA:36,4
DA:37,1
DA:38,0
DA:40,1
DA:47,2
DA:48,2
DA:49,1
DA:53,1
DA:59,1
DA:60,1
DA:61,1
DA:62,1
DA:65,1
DA:72,1
DA:73,1
DA:74,1
DA:75,1
DA:79,1
DA:80,0
DA:84,1
DA:91,1
DA:92,1
DA:93,0
DA:97,1
DA:102,8
LF:38
LH:33
BRDA:17,0,0,0
BRDA:17,0,1,2
BRDA:17,1,0,2
BRDA:17,1,1,1
BRDA:20,2,0,0
BRDA:20,2,1,2
BRDA:20,3,0,2
BRDA:20,3,1,1
BRDA:37,4,0,0
BRDA:37,4,1,1
BRDA:48,5,0,1
BRDA:48,5,1,1
BRDA:60,6,0,0
BRDA:60,6,1,1
BRDA:73,7,0,0
BRDA:73,7,1,1
BRDA:79,8,0,0
BRDA:79,8,1,1
BRDA:92,9,0,0
BRDA:92,9,1,1
BRF:20
BRH:13
end_of_record
TN:
SF:scr\controller\user.controller.ts
FN:15,register
FN:24,login
FN:33,current
FN:39,listUsers
FN:47,getUser
FN:54,createUser
FN:62,updateUser
FN:70,updateProfile
FN:78,changePassword
FN:85,deleteUser
FN:92,getDashboard
FN:97,getRestaurants
FN:104,getRestaurant
FN:111,toggleFavorite
FN:116,createReservation
FN:125,updateReservation
FN:137,cancelReservation
FN:145,listMyReservations
FN:150,getReservation
FN:155,sendReservationConfirmation
FN:164,listAdminReservations
FN:169,getAdminProfile
FN:174,getAdminDashboardStats
FN:179,updateAdminProfile
FNF:24
FNH:15
FNDA:2,register
FNDA:3,login
FNDA:2,current
FNDA:1,listUsers
FNDA:0,getUser
FNDA:0,createUser
FNDA:0,updateUser
FNDA:1,updateProfile
FNDA:0,changePassword
FNDA:0,deleteUser
FNDA:1,getDashboard
FNDA:0,getRestaurants
FNDA:0,getRestaurant
FNDA:3,toggleFavorite
FNDA:12,createReservation
FNDA:1,updateReservation
FNDA:1,cancelReservation
FNDA:1,listMyReservations
FNDA:3,getReservation
FNDA:1,sendReservationConfirmation
FNDA:1,listAdminReservations
FNDA:0,getAdminProfile
FNDA:1,getAdminDashboardStats
FNDA:0,updateAdminProfile
DA:11,8
DA:12,8
DA:13,8
DA:16,2
DA:17,1
DA:25,3
DA:26,1
DA:34,2
DA:40,1
DA:41,1
DA:48,0
DA:49,0
DA:55,0
DA:56,0
DA:63,0
DA:64,0
DA:71,1
DA:72,1
DA:79,0
DA:80,0
DA:86,0
DA:87,0
DA:93,1
DA:94,1
DA:98,0
DA:99,0
DA:105,0
DA:106,0
DA:112,3
DA:113,2
DA:117,12
DA:118,7
DA:126,1
DA:131,1
DA:138,1
DA:139,1
DA:146,1
DA:147,1
DA:151,3
DA:152,1
DA:156,1
DA:157,1
DA:165,1
DA:166,1
DA:170,0
DA:171,0
DA:175,1
DA:176,1
DA:180,0
DA:181,0
DA:182,0
DA:183,0
DA:186,8
LF:53
LH:33
BRDA:181,0,0,0
BRDA:181,0,1,0
BRF:2
BRH:0
end_of_record
TN:
SF:scr\middleware\authorized.middleware.ts
FN:6,authenticate
FN:30,requireAdmin
FNF:2
FNH:2
FNDA:40,authenticate
FNDA:8,requireAdmin
DA:1,8
DA:2,8
DA:3,8
DA:4,8
DA:7,40
DA:8,40
DA:9,40
DA:11,40
DA:12,4
DA:15,36
DA:16,35
DA:18,35
DA:19,0
DA:22,35
DA:23,35
DA:25,5
DA:26,1
DA:31,8
DA:32,2
DA:35,6
DA:38,8
LF:21
LH:20
BRDA:8,0,0,40
BRDA:8,0,1,3
BRDA:11,1,0,4
BRDA:11,1,1,36
BRDA:11,2,0,40
BRDA:11,2,1,36
BRDA:18,3,0,0
BRDA:18,3,1,35
BRDA:25,4,0,4
BRDA:25,4,1,1
BRDA:31,5,0,2
BRDA:31,5,1,6
BRDA:31,6,0,8
BRDA:31,6,1,8
BRF:14
BRH:13
end_of_record
TN:
SF:scr\middleware\profile-upload.ts
FN:9,(anonymous_0)
FN:10,(anonymous_1)
FN:16,(anonymous_2)
FNF:3
FNH:0
FNDA:0,(anonymous_0)
FNDA:0,(anonymous_1)
FNDA:0,(anonymous_2)
DA:1,8
DA:2,8
DA:3,8
DA:5,8
DA:6,8
DA:8,8
DA:9,0
DA:10,0
DA:13,8
DA:14,8
DA:16,0
DA:20,8
LF:12
LH:9
BRDA:16,0,0,0
BRDA:16,0,1,0
BRF:2
BRH:0
end_of_record
TN:
SF:scr\middleware\restaurant-upload.ts
FN:9,(anonymous_0)
FN:10,(anonymous_1)
FN:20,(anonymous_2)
FNF:3
FNH:0
FNDA:0,(anonymous_0)
FNDA:0,(anonymous_1)
FNDA:0,(anonymous_2)
DA:1,8
DA:2,8
DA:3,8
DA:5,8
DA:6,8
DA:8,8
DA:9,0
DA:11,0
DA:12,0
DA:16,8
DA:18,8
DA:21,0
DA:22,0
DA:27,8
LF:14
LH:9
BRDA:21,0,0,0
BRDA:21,0,1,0
BRF:2
BRH:0
end_of_record
TN:
SF:scr\middleware\validation.ts
FN:4,(anonymous_0)
FN:22,(anonymous_1)
FN:36,(anonymous_2)
FN:58,(anonymous_3)
FN:76,(anonymous_4)
FN:104,(anonymous_5)
FN:122,isValidEmail
FNF:7
FNH:4
FNDA:5,(anonymous_0)
FNDA:3,(anonymous_1)
FNDA:0,(anonymous_2)
FNDA:0,(anonymous_3)
FNDA:2,(anonymous_4)
FNDA:0,(anonymous_5)
FNDA:8,isValidEmail
DA:1,8
DA:2,8
DA:4,8
DA:5,5
DA:7,5
DA:8,1
DA:11,4
DA:12,1
DA:15,3
DA:16,1
DA:19,2
DA:22,8
DA:23,3
DA:25,3
DA:26,0
DA:29,3
DA:30,0
DA:33,3
DA:36,8
DA:37,0
DA:39,0
DA:40,0
DA:43,0
DA:44,0
DA:47,0
DA:48,0
DA:51,0
DA:52,0
DA:55,0
DA:58,8
DA:59,0
DA:61,0
DA:62,0
DA:65,0
DA:66,0
DA:69,0
DA:70,0
DA:73,0
DA:76,8
DA:77,2
DA:79,2
DA:80,0
DA:83,2
DA:84,1
DA:87,1
DA:89,0
DA:92,0
DA:93,0
DA:96,0
DA:97,0
DA:101,1
DA:104,8
DA:105,0
DA:107,0
DA:108,0
DA:111,0
DA:112,0
DA:115,0
DA:116,0
DA:119,0
DA:123,8
DA:124,8
DA:127,8
LF:63
LH:29
BRDA:7,0,0,1
BRDA:7,0,1,4
BRDA:7,1,0,5
BRDA:7,1,1,4
BRDA:7,1,2,4
BRDA:11,2,0,1
BRDA:11,2,1,3
BRDA:11,3,0,4
BRDA:11,3,1,4
BRDA:11,3,2,4
BRDA:15,4,0,1
BRDA:15,4,1,2
BRDA:15,5,0,3
BRDA:15,5,1,3
BRDA:15,5,2,3
BRDA:25,6,0,0
BRDA:25,6,1,3
BRDA:25,7,0,3
BRDA:25,7,1,3
BRDA:25,7,2,3
BRDA:29,8,0,0
BRDA:29,8,1,3
BRDA:29,9,0,3
BRDA:29,9,1,3
BRDA:39,10,0,0
BRDA:39,10,1,0
BRDA:39,11,0,0
BRDA:39,11,1,0
BRDA:39,11,2,0
BRDA:43,12,0,0
BRDA:43,12,1,0
BRDA:43,13,0,0
BRDA:43,13,1,0
BRDA:43,13,2,0
BRDA:47,14,0,0
BRDA:47,14,1,0
BRDA:47,15,0,0
BRDA:47,15,1,0
BRDA:47,15,2,0
BRDA:51,16,0,0
BRDA:51,16,1,0
BRDA:51,17,0,0
BRDA:51,17,1,0
BRDA:61,18,0,0
BRDA:61,18,1,0
BRDA:61,19,0,0
BRDA:61,19,1,0
BRDA:61,19,2,0
BRDA:65,20,0,0
BRDA:65,20,1,0
BRDA:65,21,0,0
BRDA:65,21,1,0
BRDA:65,21,2,0
BRDA:65,21,3,0
BRDA:69,22,0,0
BRDA:69,22,1,0
BRDA:69,23,0,0
BRDA:69,23,1,0
BRDA:79,24,0,0
BRDA:79,24,1,2
BRDA:79,25,0,2
BRDA:79,25,1,1
BRDA:79,25,2,1
BRDA:83,26,0,1
BRDA:83,26,1,1
BRDA:83,27,0,2
BRDA:83,27,1,1
BRDA:83,27,2,1
BRDA:87,28,0,0
BRDA:87,28,1,1
BRDA:89,29,0,0
BRDA:89,29,1,0
BRDA:89,29,2,0
BRDA:92,30,0,0
BRDA:92,30,1,0
BRDA:96,31,0,0
BRDA:96,31,1,0
BRDA:107,32,0,0
BRDA:107,32,1,0
BRDA:107,33,0,0
BRDA:107,33,1,0
BRDA:111,34,0,0
BRDA:111,34,1,0
BRDA:111,35,0,0
BRDA:111,35,1,0
BRDA:111,35,2,0
BRDA:115,36,0,0
BRDA:115,36,1,0
BRF:88
BRH:32
end_of_record
TN:
SF:scr\models\reservation.model.ts
FNF:0
FNH:0
DA:1,8
DA:3,8
DA:25,8
LF:3
LH:3
BRDA:25,0,0,8
BRDA:25,0,1,8
BRF:2
BRH:2
end_of_record
TN:
SF:scr\models\restaurant.model.ts
FNF:0
FNH:0
DA:1,8
DA:3,8
DA:9,8
DA:28,8
LF:4
LH:4
BRDA:28,0,0,8
BRDA:28,0,1,8
BRF:2
BRH:2
end_of_record
TN:
SF:scr\models\user.model.ts
FNF:0
FNH:0
DA:4,8
DA:5,8
DA:7,8
DA:98,8
DA:151,8
LF:5
LH:5
BRDA:151,0,0,8
BRDA:151,0,1,8
BRF:2
BRH:2
end_of_record
TN:
SF:scr\repositories\restaurant.repository.ts
FN:541,ensureNewRestaurants
FN:543,(anonymous_1)
FN:553,(anonymous_2)
FN:565,getStableRestaurantPrice
FN:570,(anonymous_4)
FN:574,ensureRestaurantPrices
FN:587,createRestaurant
FN:591,findRestaurantById
FN:597,listRestaurants
FN:661,updateRestaurant
FN:668,deleteRestaurant
FNF:11
FNH:10
FNDA:2,ensureNewRestaurants
FNDA:54,(anonymous_1)
FNDA:8,(anonymous_2)
FNDA:7,getStableRestaurantPrice
FNDA:0,(anonymous_4)
FNDA:4,ensureRestaurantPrices
FNDA:1,createRestaurant
FNDA:2,findRestaurantById
FNDA:2,listRestaurants
FNDA:1,updateRestaurant
FNDA:1,deleteRestaurant
DA:1,8
DA:2,8
DA:4,8
DA:5,8
DA:20,8
DA:534,8
DA:542,2
DA:543,54
DA:552,2
DA:553,8
DA:562,2
DA:566,7
DA:567,7
DA:568,0
DA:569,0
DA:570,0
DA:571,0
DA:575,4
DA:576,4
DA:577,7
DA:578,7
DA:579,0
DA:580,0
DA:583,4
DA:584,4
DA:588,1
DA:592,2
DA:593,2
DA:594,2
DA:598,2
DA:599,2
DA:601,2
DA:602,2
DA:603,2
DA:604,2
DA:606,2
DA:610,2
DA:611,1
DA:618,2
DA:619,2
DA:625,2
DA:626,0
DA:632,2
DA:633,2
DA:635,2
DA:646,2
DA:648,2
DA:662,1
DA:669,1
DA:672,8
LF:50
LH:43
BRDA:567,0,0,7
BRDA:567,0,1,0
BRDA:567,1,0,7
BRDA:567,1,1,7
BRDA:567,1,2,7
BRDA:568,2,0,0
BRDA:568,2,1,0
BRDA:569,3,0,0
BRDA:569,3,1,0
BRDA:569,3,2,0
BRDA:569,3,3,0
BRDA:578,4,0,0
BRDA:578,4,1,7
BRDA:583,5,0,0
BRDA:583,5,1,4
BRDA:593,6,0,1
BRDA:593,6,1,1
BRDA:601,7,0,2
BRDA:601,7,1,1
BRDA:602,8,0,2
BRDA:602,8,1,0
BRDA:603,9,0,2
BRDA:603,9,1,2
BRDA:604,10,0,2
BRDA:604,10,1,2
BRDA:610,11,0,1
BRDA:610,11,1,1
BRDA:618,12,0,2
BRDA:618,12,1,0
BRDA:625,13,0,0
BRDA:625,13,1,2
BRDA:632,14,0,0
BRDA:632,14,1,2
BRDA:633,15,0,0
BRDA:633,15,1,2
BRF:35
BRH:21
end_of_record
TN:
SF:scr\repositories\user.repository.ts
FN:74,ensureSeedRestaurants
FN:84,findByEmail
FN:89,findById
FN:94,createUser
FN:98,listUsers
FN:128,deleteUser
FN:132,getDashboardData
FN:144,(anonymous_7)
FN:149,(anonymous_8)
FN:155,(anonymous_9)
FN:165,(anonymous_10)
FN:174,toggleFavorite
FN:179,(anonymous_12)
FN:182,(anonymous_13)
FN:191,listRestaurants
FN:195,getRestaurantById
FN:199,createReservation
FN:228,getReservationWithDetails
FN:232,updateReservation
FN:246,cancelReservation
FN:266,migrateLegacyReservations
FN:269,(anonymous_21)
FN:285,listUserReservations
FN:292,listAdminReservations
FN:301,getAdminDashboardStats
FNF:25
FNH:18
FNDA:1,ensureSeedRestaurants
FNDA:5,findByEmail
FNDA:46,findById
FNDA:1,createUser
FNDA:1,listUsers
FNDA:0,deleteUser
FNDA:1,getDashboardData
FNDA:0,(anonymous_7)
FNDA:0,(anonymous_8)
FNDA:0,(anonymous_9)
FNDA:1,(anonymous_10)
FNDA:2,toggleFavorite
FNDA:1,(anonymous_12)
FNDA:1,(anonymous_13)
FNDA:0,listRestaurants
FNDA:0,getRestaurantById
FNDA:7,createReservation
FNDA:11,getReservationWithDetails
FNDA:1,updateReservation
FNDA:1,cancelReservation
FNDA:2,migrateLegacyReservations
FNDA:0,(anonymous_21)
FNDA:1,listUserReservations
FNDA:1,listAdminReservations
FNDA:1,getAdminDashboardStats
DA:4,8
DA:5,8
DA:6,8
DA:7,8
DA:8,8
DA:9,8
DA:11,8
DA:75,1
DA:76,1
DA:77,1
DA:80,0
DA:81,0
DA:85,5
DA:86,5
DA:90,46
DA:91,46
DA:95,1
DA:99,1
DA:100,1
DA:102,1
DA:103,1
DA:104,0
DA:112,1
DA:117,1
DA:129,0
DA:133,1
DA:134,1
DA:136,1
DA:137,0
DA:140,1
DA:141,1
DA:142,1
DA:144,1
DA:145,0
DA:146,0
DA:149,1
DA:150,0
DA:151,0
DA:154,1
DA:155,0
DA:158,1
DA:160,1
DA:165,1
DA:175,2
DA:176,2
DA:178,2
DA:179,2
DA:181,2
DA:182,1
DA:184,1
DA:187,2
DA:188,2
DA:192,0
DA:196,0
DA:200,7
DA:201,7
DA:203,7
DA:204,7
DA:206,7
DA:229,11
DA:233,1
DA:234,1
DA:236,1
DA:237,1
DA:238,1
DA:239,1
DA:240,1
DA:242,1
DA:243,1
DA:247,1
DA:248,1
DA:249,1
DA:250,1
DA:251,1
DA:252,1
DA:253,1
DA:254,1
DA:255,1
DA:256,1
DA:257,1
DA:258,1
DA:260,1
DA:261,1
DA:262,1
DA:263,1
DA:267,2
DA:268,2
DA:269,0
DA:286,1
DA:287,1
DA:288,1
DA:289,1
DA:293,1
DA:294,1
DA:295,1
DA:302,1
DA:303,1
DA:304,1
DA:316,1
DA:319,8
LF:100
LH:87
BRDA:76,0,0,1
BRDA:76,0,1,0
BRDA:84,1,0,2
BRDA:86,2,0,3
BRDA:86,2,1,2
BRDA:89,3,0,46
BRDA:91,4,0,0
BRDA:91,4,1,46
BRDA:100,5,0,1
BRDA:100,5,1,1
BRDA:103,6,0,0
BRDA:103,6,1,1
BRDA:136,7,0,0
BRDA:136,7,1,1
BRDA:146,8,0,0
BRDA:146,8,1,0
BRDA:151,9,0,0
BRDA:151,9,1,0
BRDA:158,10,0,1
BRDA:158,10,1,0
BRDA:165,11,0,1
BRDA:165,11,1,1
BRDA:165,12,0,1
BRDA:165,12,1,0
BRDA:176,13,0,0
BRDA:176,13,1,2
BRDA:181,14,0,1
BRDA:181,14,1,1
BRDA:201,15,0,0
BRDA:201,15,1,7
BRDA:204,16,0,0
BRDA:204,16,1,7
BRDA:210,17,0,7
BRDA:210,17,1,0
BRDA:210,17,2,0
BRDA:211,18,0,7
BRDA:211,18,1,0
BRDA:211,18,2,0
BRDA:215,19,0,7
BRDA:215,19,1,0
BRDA:217,20,0,7
BRDA:217,20,1,7
BRDA:219,21,0,7
BRDA:219,21,1,0
BRDA:219,21,2,0
BRDA:220,22,0,7
BRDA:220,22,1,0
BRDA:220,22,2,0
BRDA:223,23,0,7
BRDA:223,23,1,2
BRDA:234,24,0,0
BRDA:234,24,1,1
BRDA:236,25,0,0
BRDA:236,25,1,1
BRDA:237,26,0,0
BRDA:237,26,1,1
BRDA:238,27,0,1
BRDA:238,27,1,0
BRDA:239,28,0,0
BRDA:239,28,1,1
BRDA:240,29,0,0
BRDA:240,29,1,1
BRDA:248,30,0,0
BRDA:248,30,1,1
BRDA:249,31,0,0
BRDA:249,31,1,1
BRDA:251,32,0,1
BRDA:251,32,1,0
BRDA:252,33,0,1
BRDA:252,33,1,0
BRDA:256,34,0,1
BRDA:256,34,1,0
BRDA:256,35,0,1
BRDA:256,35,1,1
BRDA:257,36,0,0
BRDA:257,36,1,1
BRDA:257,37,0,1
BRDA:257,37,1,0
BRDA:260,38,0,0
BRDA:260,38,1,1
BRDA:267,39,0,2
BRDA:267,39,1,0
BRDA:268,40,0,2
BRDA:268,40,1,0
BRDA:277,41,0,0
BRDA:277,41,1,0
BRDA:287,42,0,0
BRDA:287,42,1,1
BRDA:316,43,0,1
BRDA:316,43,1,0
BRF:90
BRH:48
end_of_record
TN:
SF:scr\routes\restaurant.route.ts
FNF:0
FNH:0
DA:1,8
DA:2,8
DA:3,8
DA:4,8
DA:5,8
DA:7,8
DA:9,8
DA:10,8
DA:11,8
DA:12,8
DA:13,8
DA:14,8
DA:16,8
LF:13
LH:13
BRF:0
BRH:0
end_of_record
TN:
SF:scr\routes\user.route.ts
FNF:0
FNH:0
DA:1,8
DA:2,8
DA:3,8
DA:11,8
DA:12,8
DA:13,8
DA:15,8
DA:17,8
DA:18,8
DA:19,8
DA:20,8
DA:21,8
DA:28,8
DA:29,8
DA:30,8
DA:31,8
DA:32,8
DA:33,8
DA:34,8
DA:35,8
DA:36,8
DA:37,8
DA:38,8
DA:39,8
DA:40,8
DA:41,8
DA:42,8
DA:44,8
DA:45,8
DA:46,8
DA:47,8
DA:48,8
DA:49,8
DA:50,8
DA:57,8
DA:64,8
DA:71,8
DA:73,8
LF:38
LH:38
BRF:0
BRH:0
end_of_record
TN:
SF:scr\services\emailService.js
FN:8,hasValue
FN:12,valueOrFallback
FN:16,escapeHtml
FN:22,formatPaymentMethod
FN:28,formatStatus
FN:33,formatDate
FN:44,publicImageUrl
FN:53,detailCell
FN:60,detailRow
FN:64,sendBookingConfirmationEmail
FNF:10
FNH:0
FNDA:0,hasValue
FNDA:0,valueOrFallback
FNDA:0,escapeHtml
FNDA:0,formatPaymentMethod
FNDA:0,formatStatus
FNDA:0,formatDate
FNDA:0,publicImageUrl
FNDA:0,detailCell
FNDA:0,detailRow
FNDA:0,sendBookingConfirmationEmail
DA:1,0
DA:3,0
DA:9,0
DA:13,0
DA:17,0
DA:23,0
DA:24,0
DA:25,0
DA:29,0
DA:30,0
DA:34,0
DA:35,0
DA:36,0
DA:37,0
DA:45,0
DA:46,0
DA:47,0
DA:48,0
DA:49,0
DA:50,0
DA:54,0
DA:61,0
DA:65,0
DA:66,0
DA:67,0
DA:69,0
DA:70,0
DA:71,0
DA:72,0
DA:73,0
DA:74,0
DA:75,0
DA:76,0
DA:77,0
DA:78,0
DA:80,0
DA:90,0
DA:108,0
LF:38
LH:0
BRDA:9,0,0,0
BRDA:9,0,1,0
BRDA:9,0,2,0
BRDA:12,1,0,0
BRDA:13,2,0,0
BRDA:13,2,1,0
BRDA:23,3,0,0
BRDA:23,3,1,0
BRDA:24,4,0,0
BRDA:24,4,1,0
BRDA:30,5,0,0
BRDA:30,5,1,0
BRDA:33,6,0,0
BRDA:34,7,0,0
BRDA:34,7,1,0
BRDA:36,8,0,0
BRDA:36,8,1,0
BRDA:39,9,0,0
BRDA:39,9,1,0
BRDA:45,10,0,0
BRDA:45,10,1,0
BRDA:48,11,0,0
BRDA:48,11,1,0
BRDA:48,12,0,0
BRDA:48,12,1,0
BRDA:53,13,0,0
BRDA:65,14,0,0
BRDA:65,14,1,0
BRDA:65,15,0,0
BRDA:65,15,1,0
BRDA:66,16,0,0
BRDA:66,16,1,0
BRDA:67,17,0,0
BRDA:67,17,1,0
BRDA:69,18,0,0
BRDA:69,18,1,0
BRDA:70,19,0,0
BRDA:70,19,1,0
BRDA:73,20,0,0
BRDA:73,20,1,0
BRDA:73,21,0,0
BRDA:73,21,1,0
BRDA:73,22,0,0
BRDA:73,22,1,0
BRDA:74,23,0,0
BRDA:74,23,1,0
BRDA:75,24,0,0
BRDA:75,24,1,0
BRDA:76,25,0,0
BRDA:76,25,1,0
BRDA:77,26,0,0
BRDA:77,26,1,0
BRDA:77,27,0,0
BRDA:77,27,1,0
BRDA:77,27,2,0
BRDA:78,28,0,0
BRDA:78,28,1,0
BRDA:81,29,0,0
BRDA:81,29,1,0
BRDA:81,30,0,0
BRDA:81,30,1,0
BRDA:82,31,0,0
BRDA:82,31,1,0
BRDA:85,32,0,0
BRDA:85,32,1,0
BRDA:86,33,0,0
BRDA:86,33,1,0
BRDA:91,34,0,0
BRDA:91,34,1,0
BRDA:98,35,0,0
BRDA:98,35,1,0
BRDA:100,36,0,0
BRDA:100,36,1,0
BRF:73
BRH:0
end_of_record
TN:
SF:scr\services\user.service.ts
FN:12,formatDisplayDate
FN:21,formatReservationItem
FN:59,createToken
FN:67,register
FN:88,login
FN:105,getUserByIdOrThrow
FN:118,getCurrentUser
FN:123,listAdminUsers
FN:131,createAdminUser
FN:150,updateAdminUser
FN:177,updateProfile
FN:202,changePassword
FN:218,deleteAdminUser
FN:228,getDashboard
FN:241,(anonymous_14)
FN:255,(anonymous_15)
FN:275,listRestaurants
FN:279,getRestaurant
FN:292,toggleFavorite
FN:304,(anonymous_19)
FN:319,createReservation
FN:378,updateReservation
FN:387,cancelReservation
FN:399,listMyReservations
FN:405,getReservation
FN:412,sendReservationConfirmation
FN:439,listAdminReservations
FN:441,(anonymous_27)
FN:455,getAdminDashboardStats
FN:458,(anonymous_29)
FN:459,(anonymous_30)
FN:460,(anonymous_31)
FN:461,(anonymous_32)
FNF:33
FNH:25
FNDA:0,formatDisplayDate
FNDA:14,formatReservationItem
FNDA:2,createToken
FNDA:2,register
FNDA:3,login
FNDA:3,getUserByIdOrThrow
FNDA:2,getCurrentUser
FNDA:1,listAdminUsers
FNDA:0,createAdminUser
FNDA:0,updateAdminUser
FNDA:1,updateProfile
FNDA:0,changePassword
FNDA:0,deleteAdminUser
FNDA:1,getDashboard
FNDA:1,(anonymous_14)
FNDA:0,(anonymous_15)
FNDA:0,listRestaurants
FNDA:0,getRestaurant
FNDA:3,toggleFavorite
FNDA:1,(anonymous_19)
FNDA:12,createReservation
FNDA:1,updateReservation
FNDA:1,cancelReservation
FNDA:1,listMyReservations
FNDA:3,getReservation
FNDA:1,sendReservationConfirmation
FNDA:1,listAdminReservations
FNDA:2,(anonymous_27)
FNDA:1,getAdminDashboardStats
FNDA:2,(anonymous_29)
FNDA:1,(anonymous_30)
FNDA:1,(anonymous_31)
FNDA:5,(anonymous_32)
DA:4,8
DA:5,8
DA:6,8
DA:7,8
DA:8,8
DA:9,8
DA:10,8
DA:13,0
DA:14,0
DA:22,14
DA:25,14
DA:60,2
DA:68,2
DA:69,2
DA:70,1
DA:73,1
DA:74,1
DA:82,1
DA:89,3
DA:90,3
DA:91,1
DA:94,2
DA:95,2
DA:96,1
DA:99,1
DA:106,3
DA:107,0
DA:110,3
DA:111,3
DA:112,0
DA:115,3
DA:119,2
DA:120,2
DA:124,1
DA:125,1
DA:132,0
DA:133,0
DA:136,0
DA:137,0
DA:138,0
DA:141,0
DA:142,0
DA:147,0
DA:151,0
DA:153,0
DA:154,0
DA:155,0
DA:156,0
DA:158,0
DA:161,0
DA:162,0
DA:163,0
DA:164,0
DA:165,0
DA:167,0
DA:169,0
DA:170,0
DA:173,0
DA:174,0
DA:178,1
DA:180,1
DA:181,1
DA:182,1
DA:184,1
DA:185,0
DA:186,0
DA:187,0
DA:189,0
DA:192,1
DA:193,1
DA:194,1
DA:195,1
DA:196,1
DA:198,1
DA:199,1
DA:203,0
DA:205,0
DA:206,0
DA:209,0
DA:210,0
DA:211,0
DA:214,0
DA:215,0
DA:219,0
DA:221,0
DA:222,0
DA:225,0
DA:229,1
DA:230,1
DA:231,0
DA:241,1
DA:254,1
DA:255,1
DA:259,1
DA:261,1
DA:276,0
DA:280,0
DA:281,0
DA:284,0
DA:285,0
DA:286,0
DA:289,0
DA:293,3
DA:294,1
DA:297,2
DA:298,2
DA:299,0
DA:302,2
DA:304,1
DA:320,12
DA:321,0
DA:324,12
DA:325,1
DA:328,11
DA:329,1
DA:332,10
DA:333,2
DA:336,8
DA:337,1
DA:340,7
DA:341,7
DA:342,0
DA:345,7
DA:346,7
DA:347,7
DA:348,7
DA:349,7
DA:350,7
DA:351,7
DA:353,7
DA:354,7
DA:355,7
DA:356,0
DA:357,7
DA:358,7
DA:359,7
DA:369,7
DA:371,0
DA:375,7
DA:379,1
DA:380,1
DA:381,0
DA:384,1
DA:388,1
DA:389,1
DA:390,0
DA:392,1
DA:393,0
DA:396,1
DA:400,1
DA:401,1
DA:402,1
DA:406,3
DA:407,3
DA:408,3
DA:409,1
DA:413,1
DA:414,1
DA:415,1
DA:417,1
DA:418,1
DA:419,0
DA:422,1
DA:423,1
DA:424,1
DA:425,0
DA:428,1
DA:429,1
DA:430,1
DA:431,1
DA:436,1
DA:440,1
DA:441,1
DA:442,2
DA:443,2
DA:456,1
DA:457,1
DA:458,2
DA:459,1
DA:460,1
DA:461,5
DA:462,1
DA:465,8
LF:183
LH:121
BRDA:22,0,0,12
BRDA:22,0,1,2
BRDA:22,1,0,14
BRDA:22,1,1,14
BRDA:22,1,2,14
BRDA:27,2,0,14
BRDA:27,2,1,2
BRDA:27,2,2,0
BRDA:28,3,0,14
BRDA:28,3,1,2
BRDA:29,4,0,14
BRDA:29,4,1,2
BRDA:30,5,0,14
BRDA:30,5,1,2
BRDA:38,6,0,14
BRDA:38,6,1,2
BRDA:39,7,0,14
BRDA:39,7,1,2
BRDA:40,8,0,14
BRDA:40,8,1,2
BRDA:41,9,0,14
BRDA:41,9,1,2
BRDA:42,10,0,12
BRDA:42,10,1,2
BRDA:54,11,0,14
BRDA:54,11,1,5
BRDA:61,12,0,2
BRDA:61,12,1,0
BRDA:69,13,0,1
BRDA:69,13,1,1
BRDA:77,14,0,1
BRDA:77,14,1,0
BRDA:90,15,0,1
BRDA:90,15,1,2
BRDA:95,16,0,1
BRDA:95,16,1,1
BRDA:106,17,0,0
BRDA:106,17,1,3
BRDA:111,18,0,0
BRDA:111,18,1,3
BRDA:132,19,0,0
BRDA:132,19,1,0
BRDA:137,20,0,0
BRDA:137,20,1,0
BRDA:153,21,0,0
BRDA:153,21,1,0
BRDA:153,22,0,0
BRDA:153,22,1,0
BRDA:155,23,0,0
BRDA:155,23,1,0
BRDA:161,24,0,0
BRDA:161,24,1,0
BRDA:161,25,0,0
BRDA:161,25,1,0
BRDA:162,26,0,0
BRDA:162,26,1,0
BRDA:163,27,0,0
BRDA:163,27,1,0
BRDA:164,28,0,0
BRDA:164,28,1,0
BRDA:169,29,0,0
BRDA:169,29,1,0
BRDA:169,30,0,0
BRDA:169,30,1,0
BRDA:180,31,0,0
BRDA:180,31,1,1
BRDA:180,32,0,1
BRDA:180,32,1,1
BRDA:181,33,0,0
BRDA:181,33,1,1
BRDA:181,34,0,1
BRDA:181,34,1,0
BRDA:182,35,0,0
BRDA:182,35,1,1
BRDA:182,36,0,1
BRDA:182,36,1,0
BRDA:184,37,0,0
BRDA:184,37,1,1
BRDA:184,38,0,1
BRDA:184,38,1,0
BRDA:186,39,0,0
BRDA:186,39,1,0
BRDA:186,40,0,0
BRDA:186,40,1,0
BRDA:192,41,0,1
BRDA:192,41,1,0
BRDA:192,42,0,1
BRDA:192,42,1,1
BRDA:193,43,0,0
BRDA:193,43,1,1
BRDA:194,44,0,0
BRDA:194,44,1,1
BRDA:195,45,0,1
BRDA:195,45,1,0
BRDA:196,46,0,0
BRDA:196,46,1,1
BRDA:205,47,0,0
BRDA:205,47,1,0
BRDA:210,48,0,0
BRDA:210,48,1,0
BRDA:221,49,0,0
BRDA:221,49,1,0
BRDA:230,50,0,0
BRDA:230,50,1,1
BRDA:241,51,0,1
BRDA:241,51,1,0
BRDA:248,52,0,1
BRDA:248,52,1,0
BRDA:254,53,0,1
BRDA:254,53,1,0
BRDA:255,54,0,1
BRDA:255,54,1,0
BRDA:257,55,0,0
BRDA:257,55,1,0
BRDA:259,56,0,1
BRDA:259,56,1,0
BRDA:264,57,0,1
BRDA:264,57,1,1
BRDA:265,58,0,1
BRDA:265,58,1,0
BRDA:266,59,0,1
BRDA:266,59,1,0
BRDA:280,60,0,0
BRDA:280,60,1,0
BRDA:285,61,0,0
BRDA:285,61,1,0
BRDA:293,62,0,1
BRDA:293,62,1,2
BRDA:298,63,0,0
BRDA:298,63,1,2
BRDA:303,64,0,1
BRDA:303,64,1,1
BRDA:304,65,0,2
BRDA:304,65,1,0
BRDA:311,66,0,1
BRDA:311,66,1,0
BRDA:320,67,0,0
BRDA:320,67,1,12
BRDA:320,68,0,12
BRDA:320,68,1,12
BRDA:324,69,0,1
BRDA:324,69,1,11
BRDA:328,70,0,1
BRDA:328,70,1,10
BRDA:332,71,0,2
BRDA:332,71,1,8
BRDA:332,72,0,10
BRDA:332,72,1,9
BRDA:332,73,0,9
BRDA:332,73,1,0
BRDA:336,74,0,1
BRDA:336,74,1,7
BRDA:336,75,0,8
BRDA:336,75,1,8
BRDA:341,76,0,0
BRDA:341,76,1,7
BRDA:345,77,0,7
BRDA:345,77,1,0
BRDA:348,78,0,7
BRDA:348,78,1,0
BRDA:348,78,2,0
BRDA:348,78,3,0
BRDA:348,78,4,0
BRDA:348,79,0,7
BRDA:348,79,1,0
BRDA:349,80,0,7
BRDA:349,80,1,0
BRDA:350,81,0,7
BRDA:350,81,1,0
BRDA:350,82,0,0
BRDA:350,82,1,0
BRDA:353,83,0,7
BRDA:353,83,1,0
BRDA:355,84,0,0
BRDA:355,84,1,7
BRDA:357,85,0,7
BRDA:357,85,1,0
BRDA:357,86,0,7
BRDA:357,86,1,7
BRDA:366,87,0,7
BRDA:366,87,1,0
BRDA:380,88,0,0
BRDA:380,88,1,1
BRDA:389,89,0,0
BRDA:389,89,1,1
BRDA:392,90,0,0
BRDA:392,90,1,1
BRDA:401,91,0,0
BRDA:401,91,1,1
BRDA:406,92,0,0
BRDA:406,92,1,3
BRDA:408,93,0,2
BRDA:408,93,1,1
BRDA:413,94,0,0
BRDA:413,94,1,1
BRDA:415,95,0,0
BRDA:415,95,1,1
BRDA:418,96,0,0
BRDA:418,96,1,1
BRDA:418,97,0,1
BRDA:418,97,1,1
BRDA:423,98,0,1
BRDA:423,98,1,0
BRDA:424,99,0,0
BRDA:424,99,1,1
BRDA:428,100,0,1
BRDA:428,100,1,0
BRDA:430,101,0,1
BRDA:430,101,1,0
BRDA:445,102,0,2
BRDA:445,102,1,0
BRDA:458,103,0,2
BRDA:458,103,1,0
BRDA:460,104,0,1
BRDA:460,104,1,0
BRDA:460,105,0,1
BRDA:460,105,1,0
BRDA:460,105,2,0
BRF:218
BRH:116
end_of_record
TN:
SF:scr\utils\apihelper.utils.ts
FN:6,sendSuccess
FN:13,sendError
FN:21,asyncHandler
FN:22,(anonymous_3)
FN:25,parsePagination
FN:36,isValidObjectId
FN:40,toSafeUser
FNF:7
FNH:7
FNDA:30,sendSuccess
FNDA:22,sendError
FNDA:288,asyncHandler
FNDA:41,(anonymous_3)
FNDA:3,parsePagination
FNDA:22,isValidObjectId
FNDA:8,toSafeUser
DA:4,8
DA:7,30
DA:14,22
DA:22,288
DA:26,3
DA:27,3
DA:29,3
DA:37,22
DA:41,8
DA:55,8
LF:10
LH:10
BRDA:17,0,0,0
BRDA:17,0,1,22
BRDA:26,1,0,3
BRDA:26,1,1,3
BRDA:27,2,0,3
BRDA:27,2,1,1
BRDA:43,3,0,8
BRDA:43,3,1,0
BRDA:45,4,0,8
BRDA:45,4,1,0
BRDA:46,5,0,8
BRDA:46,5,1,8
BRDA:47,6,0,8
BRDA:47,6,1,7
BRDA:48,7,0,8
BRDA:48,7,1,8
BRDA:49,8,0,8
BRDA:49,8,1,0
BRF:18
BRH:14
end_of_record
